<?xml version="1.0" encoding="UTF-8" ?>
<testsuite failures="0" time="0.052" errors="0" skipped="0" tests="12" name="com.condevy.testtask.qname.parser.QNameParserTest">
  <properties>
    <property name="java.runtime.name" value="Java(TM) SE Runtime Environment"/>
    <property name="sun.boot.library.path" value="C:\Program Files\Java\jdk1.7.0_21\jre\bin"/>
    <property name="java.vm.version" value="23.21-b01"/>
    <property name="java.vm.vendor" value="Oracle Corporation"/>
    <property name="java.vendor.url" value="http://java.oracle.com/"/>
    <property name="path.separator" value=";"/>
    <property name="guice.disable.misplaced.annotation.check" value="true"/>
    <property name="java.vm.name" value="Java HotSpot(TM) 64-Bit Server VM"/>
    <property name="file.encoding.pkg" value="sun.io"/>
    <property name="user.script" value=""/>
    <property name="user.country" value="RU"/>
    <property name="sun.java.launcher" value="SUN_STANDARD"/>
    <property name="sun.os.patch.level" value="Service Pack 1"/>
    <property name="java.vm.specification.name" value="Java Virtual Machine Specification"/>
    <property name="user.dir" value="E:\parser"/>
    <property name="java.runtime.version" value="1.7.0_21-b11"/>
    <property name="java.awt.graphicsenv" value="sun.awt.Win32GraphicsEnvironment"/>
    <property name="java.endorsed.dirs" value="C:\Program Files\Java\jdk1.7.0_21\jre\lib\endorsed"/>
    <property name="os.arch" value="amd64"/>
    <property name="java.io.tmpdir" value="C:\Users\DIMASH~1\AppData\Local\Temp\"/>
    <property name="line.separator" value="
"/>
    <property name="java.vm.specification.vendor" value="Oracle Corporation"/>
    <property name="user.variant" value=""/>
    <property name="os.name" value="Windows 7"/>
    <property name="classworlds.conf" value="E:\For Java\Developer&apos;s\apache-maven-3.2.1\bin\m2.conf"/>
    <property name="sun.jnu.encoding" value="Cp1251"/>
    <property name="java.library.path" value="C:\Program Files\Java\jdk1.7.0_21\bin;C:\Windows\Sun\Java\bin;C:\Windows\system32;C:\Windows;E:\For Java\Developer&apos;s\svn\bin\;E:\For Java\Developer&apos;s\svn\Python25\;C:\Program Files\Java\jdk1.7.0_21\bin;E:\For Java\Developer&apos;s\apache-maven-3.2.1\bin;E:\For Java\Developer&apos;s\android\adt-bundle-windows-x86_64-20140321\sdk\tools;%ANT_HOME%\bin;C:\Program Files\MySQL\MySQL Server 5.1\bin;."/>
    <property name="java.specification.name" value="Java Platform API Specification"/>
    <property name="java.class.version" value="51.0"/>
    <property name="sun.management.compiler" value="HotSpot 64-Bit Tiered Compilers"/>
    <property name="os.version" value="6.1"/>
    <property name="user.home" value="C:\Users\Dimashnurenko"/>
    <property name="user.timezone" value="Europe/Minsk"/>
    <property name="java.awt.printerjob" value="sun.awt.windows.WPrinterJob"/>
    <property name="java.specification.version" value="1.7"/>
    <property name="file.encoding" value="Cp1251"/>
    <property name="user.name" value="Dimashnurenko"/>
    <property name="java.class.path" value="E:\For Java\Developer&apos;s\apache-maven-3.2.1\boot\plexus-classworlds-2.5.1.jar"/>
    <property name="org.slf4j.simpleLogger.defaultLogLevel" value="info"/>
    <property name="java.vm.specification.version" value="1.7"/>
    <property name="sun.arch.data.model" value="64"/>
    <property name="java.home" value="C:\Program Files\Java\jdk1.7.0_21\jre"/>
    <property name="sun.java.command" value="org.codehaus.plexus.classworlds.launcher.Launcher package"/>
    <property name="java.specification.vendor" value="Oracle Corporation"/>
    <property name="user.language" value="ru"/>
    <property name="awt.toolkit" value="sun.awt.windows.WToolkit"/>
    <property name="java.vm.info" value="mixed mode"/>
    <property name="java.version" value="1.7.0_21"/>
    <property name="java.ext.dirs" value="C:\Program Files\Java\jdk1.7.0_21\jre\lib\ext;C:\Windows\Sun\Java\lib\ext"/>
    <property name="sun.boot.class.path" value="C:\Program Files\Java\jdk1.7.0_21\jre\lib\resources.jar;C:\Program Files\Java\jdk1.7.0_21\jre\lib\rt.jar;C:\Program Files\Java\jdk1.7.0_21\jre\lib\sunrsasign.jar;C:\Program Files\Java\jdk1.7.0_21\jre\lib\jsse.jar;C:\Program Files\Java\jdk1.7.0_21\jre\lib\jce.jar;C:\Program Files\Java\jdk1.7.0_21\jre\lib\charsets.jar;C:\Program Files\Java\jdk1.7.0_21\jre\lib\jfr.jar;C:\Program Files\Java\jdk1.7.0_21\jre\classes"/>
    <property name="java.vendor" value="Oracle Corporation"/>
    <property name="maven.home" value="E:\For Java\Developer&apos;s\apache-maven-3.2.1"/>
    <property name="file.separator" value="\"/>
    <property name="java.vendor.url.bug" value="http://bugreport.sun.com/bugreport/"/>
    <property name="sun.cpu.endian" value="little"/>
    <property name="sun.io.unicode.encoding" value="UnicodeLittle"/>
    <property name="sun.desktop" value="windows"/>
    <property name="sun.cpu.isalist" value="amd64"/>
  </properties>
  <testcase time="0.009" classname="com.condevy.testtask.qname.parser.QNameParserTest" name="incorrectSimpleNameTest"/>
  <testcase time="0.005" classname="com.condevy.testtask.qname.parser.QNameParserTest" name="correctSimpleNameTest"/>
  <testcase time="0.004" classname="com.condevy.testtask.qname.parser.QNameParserTest" name="getCorrectPrefixTest"/>
  <testcase time="0.005" classname="com.condevy.testtask.qname.parser.QNameParserTest" name="getCorrectLocaleNameTest"/>
  <testcase time="0.004" classname="com.condevy.testtask.qname.parser.QNameParserTest" name="incorrectInputTest"/>
  <testcase time="0.005" classname="com.condevy.testtask.qname.parser.QNameParserTest" name="correctInputTest"/>
  <testcase time="0.004" classname="com.condevy.testtask.qname.parser.QNameParserTest" name="incorretctInputWithSpace"/>
  <testcase time="0.003" classname="com.condevy.testtask.qname.parser.QNameParserTest" name="incorretctInputWithEndSpace"/>
  <testcase time="0.003" classname="com.condevy.testtask.qname.parser.QNameParserTest" name="notPrefixTest"/>
  <testcase time="0.003" classname="com.condevy.testtask.qname.parser.QNameParserTest" name="notLocalNameTest"/>
  <testcase time="0.004" classname="com.condevy.testtask.qname.parser.QNameParserTest" name="noInputStringTest"/>
  <testcase time="0.003" classname="com.condevy.testtask.qname.parser.QNameParserTest" name="getCorrectQNameObject"/>
</testsuite>